<?xml version="1.0" encoding="UTF-8"?>
<!-- Generated by org.testng.reporters.JUnitXMLReporter -->
<testsuite ignored="3" hostname="TheDarkNet5510" failures="0" tests="4" name="Default test" time="41.938" errors="0" timestamp="2022-11-08T11:37:50 IST">
  <testcase classname="com.tms.scripts.TrainerLogin" name="validLogin" time="4.512"/>
  <testcase classname="com.tms.scripts.TrainerProfile" name="TrainerProfileInfo" time="1.118"/>
  <testcase classname="com.tms.scripts.TrainerProfile" name="putDetails" time="12.722"/>
  <testcase classname="com.tms.scripts.TrainerAlloaction" name="allocCheck" time="0.096"/>
  <testcase classname="com.tms.scripts.TrainerLogin" name="invalidEmailPass" time="0.0">
    <ignored/>
  </testcase> <!-- invalidEmailPass -->
  <testcase classname="com.tms.scripts.TrainerLogin" name="invalidEmail" time="0.0">
    <ignored/>
  </testcase> <!-- invalidEmail -->
  <testcase classname="com.tms.scripts.TrainerLogin" name="invalidPass" time="0.0">
    <ignored/>
  </testcase> <!-- invalidPass -->
</testsuite> <!-- Default test -->
